104.05.10 20:44 B C:\My Junk\web2\root\images\index_01.gif --> upload.comcast.net /images index_01.gif
104.05.10 20:44 B C:\My Junk\web2\root\images\index_02.gif --> upload.comcast.net /images index_02.gif
104.05.10 20:44 B C:\My Junk\web2\root\images\index_03.gif --> upload.comcast.net /images index_03.gif
104.05.10 20:44 B C:\My Junk\web2\root\images\index_04.gif --> upload.comcast.net /images index_04.gif
104.05.10 20:44 B C:\My Junk\web2\root\images\index_05.gif --> upload.comcast.net /images index_05.gif
104.05.10 20:44 B C:\My Junk\web2\root\images\index_06.gif --> upload.comcast.net /images index_06.gif
104.05.10 20:44 B C:\My Junk\web2\root\images\index_07.gif --> upload.comcast.net /images index_07.gif
104.05.10 20:44 B C:\My Junk\web2\root\images\index_08.gif --> upload.comcast.net /images index_08.gif
104.05.10 20:44 B C:\My Junk\web2\root\images\index_09.gif --> upload.comcast.net /images index_09.gif
104.05.10 20:44 B C:\My Junk\web2\root\images\index_10.gif --> upload.comcast.net /images index_10.gif
104.05.10 20:44 B C:\My Junk\web2\root\images\index_11.gif --> upload.comcast.net /images index_11.gif
104.05.10 20:44 B C:\My Junk\web2\root\images\Thumbs.db --> upload.comcast.net /images Thumbs.db
104.05.28 19:28 B C:\My Junk\web head\root\images\index_01.gif --> upload.comcast.net /images index_01.gif
104.05.28 19:28 B C:\My Junk\web head\root\images\index_02.gif --> upload.comcast.net /images index_02.gif
104.05.28 19:28 B C:\My Junk\web head\root\images\index_03.gif --> upload.comcast.net /images index_03.gif
104.05.28 19:28 B C:\My Junk\web head\root\images\index_04.gif --> upload.comcast.net /images index_04.gif
104.05.28 19:28 B C:\My Junk\web head\root\images\index_05.gif --> upload.comcast.net /images index_05.gif
104.05.28 19:28 B C:\My Junk\web head\root\images\index_06.gif --> upload.comcast.net /images index_06.gif
104.05.28 19:28 B C:\My Junk\web head\root\images\index_07.gif --> upload.comcast.net /images index_07.gif
104.05.28 19:28 B C:\My Junk\web head\root\images\index_08.gif --> upload.comcast.net /images index_08.gif
104.05.28 19:28 B C:\My Junk\web head\root\images\index_09.gif --> upload.comcast.net /images index_09.gif
104.05.28 19:28 B C:\My Junk\web head\root\images\index_10.gif --> upload.comcast.net /images index_10.gif
104.05.28 19:28 B C:\My Junk\web head\root\images\index_11.gif --> upload.comcast.net /images index_11.gif
104.05.28 19:28 B C:\My Junk\web head\root\images\Thumbs.db --> upload.comcast.net /images Thumbs.db
104.05.28 19:28 B C:\My Junk\web head\root\images\ws_ftp.log --> upload.comcast.net /images ws_ftp.log
